

Started GET "/" for 172.17.42.1 at 2014-12-07 12:00:28 +0000
Processing by Rails::WelcomeController#index as HTML
  Rendered /home/codio/.rbenv/versions/2.1.5/lib/ruby/gems/2.1.0/gems/railties-4.1.8/lib/rails/templates/rails/welcome/index.html.erb (2.8ms)
Completed 200 OK in 44ms (Views: 15.6ms | ActiveRecord: 0.0ms)


Started GET "/" for 172.17.42.1 at 2014-12-07 12:05:03 +0000
Processing by Rails::WelcomeController#index as HTML
  Rendered /home/codio/.rbenv/versions/2.1.5/lib/ruby/gems/2.1.0/gems/railties-4.1.8/lib/rails/templates/rails/welcome/index.html.erb (1.7ms)
Completed 200 OK in 24ms (Views: 7.9ms | ActiveRecord: 0.0ms)


Started GET "/" for 172.17.42.1 at 2014-12-07 16:50:33 +0000
Processing by Rails::WelcomeController#index as HTML
  Rendered /home/codio/.rbenv/versions/2.1.5/lib/ruby/gems/2.1.0/gems/railties-4.1.8/lib/rails/templates/rails/welcome/index.html.erb (1.9ms)
Completed 200 OK in 382ms (Views: 364.6ms | ActiveRecord: 0.0ms)
DEPRECATION WARNING: Currently, Active Record suppresses errors raised within `after_rollback`/`after_commit` callbacks and only print them to the logs. In the next version, these errors will no longer be suppressed. Instead, the errors will propagate normally just like in other Active Record callbacks.

You can opt into the new behavior and remove this warning by setting:

  config.active_record.raise_in_transactional_callbacks = true

 (called from block in tsort_each at /home/codio/.rbenv/versions/2.1.5/lib/ruby/2.1.0/tsort.rb:226)
DEPRECATION WARNING: Currently, Active Record suppresses errors raised within `after_rollback`/`after_commit` callbacks and only print them to the logs. In the next version, these errors will no longer be suppressed. Instead, the errors will propagate normally just like in other Active Record callbacks.

You can opt into the new behavior and remove this warning by setting:

  config.active_record.raise_in_transactional_callbacks = true

 (called from block in tsort_each at /home/codio/.rbenv/versions/2.1.5/lib/ruby/2.1.0/tsort.rb:226)
DEPRECATION WARNING: Currently, Active Record suppresses errors raised within `after_rollback`/`after_commit` callbacks and only print them to the logs. In the next version, these errors will no longer be suppressed. Instead, the errors will propagate normally just like in other Active Record callbacks.

You can opt into the new behavior and remove this warning by setting:

  config.active_record.raise_in_transactional_callbacks = true

 (called from block in tsort_each at /home/codio/.rbenv/versions/2.1.5/lib/ruby/2.1.0/tsort.rb:226)
DEPRECATION WARNING: Currently, Active Record suppresses errors raised within `after_rollback`/`after_commit` callbacks and only print them to the logs. In the next version, these errors will no longer be suppressed. Instead, the errors will propagate normally just like in other Active Record callbacks.

You can opt into the new behavior and remove this warning by setting:

  config.active_record.raise_in_transactional_callbacks = true

 (called from block in tsort_each at /home/codio/.rbenv/versions/2.1.5/lib/ruby/2.1.0/tsort.rb:226)


Started GET "/" for 172.17.42.1 at 2015-01-07 04:10:01 +0000

PG::ConnectionBad - could not connect to server: No such file or directory
	Is the server running locally and accepting
	connections on Unix domain socket "/var/run/postgresql/.s.PGSQL.5432"?
:
  activerecord (4.2.0) lib/active_record/connection_adapters/postgresql_adapter.rb:651:in `connect'
  activerecord (4.2.0) lib/active_record/connection_adapters/postgresql_adapter.rb:242:in `initialize'
  activerecord (4.2.0) lib/active_record/connection_adapters/postgresql_adapter.rb:44:in `postgresql_connection'
  activerecord (4.2.0) lib/active_record/connection_adapters/abstract/connection_pool.rb:436:in `new_connection'
  activerecord (4.2.0) lib/active_record/connection_adapters/abstract/connection_pool.rb:446:in `checkout_new_connection'
  activerecord (4.2.0) lib/active_record/connection_adapters/abstract/connection_pool.rb:422:in `acquire_connection'
  activerecord (4.2.0) lib/active_record/connection_adapters/abstract/connection_pool.rb:349:in `block in checkout'
  /home/codio/.rbenv/versions/2.1.5/lib/ruby/2.1.0/monitor.rb:211:in `mon_synchronize'
  activerecord (4.2.0) lib/active_record/connection_adapters/abstract/connection_pool.rb:348:in `checkout'
  activerecord (4.2.0) lib/active_record/connection_adapters/abstract/connection_pool.rb:263:in `block in connection'
  /home/codio/.rbenv/versions/2.1.5/lib/ruby/2.1.0/monitor.rb:211:in `mon_synchronize'
  activerecord (4.2.0) lib/active_record/connection_adapters/abstract/connection_pool.rb:262:in `connection'
  activerecord (4.2.0) lib/active_record/connection_adapters/abstract/connection_pool.rb:565:in `retrieve_connection'
  activerecord (4.2.0) lib/active_record/connection_handling.rb:113:in `retrieve_connection'
  activerecord (4.2.0) lib/active_record/connection_handling.rb:87:in `connection'
  activerecord (4.2.0) lib/active_record/migration.rb:384:in `connection'
  activerecord (4.2.0) lib/active_record/migration.rb:371:in `call'
  actionpack (4.2.0) lib/action_dispatch/middleware/callbacks.rb:29:in `block in call'
  activesupport (4.2.0) lib/active_support/callbacks.rb:88:in `_run_callbacks'
  activesupport (4.2.0) lib/active_support/callbacks.rb:734:in `_run_call_callbacks'
  activesupport (4.2.0) lib/active_support/callbacks.rb:81:in `run_callbacks'
  actionpack (4.2.0) lib/action_dispatch/middleware/callbacks.rb:27:in `call'
  actionpack (4.2.0) lib/action_dispatch/middleware/reloader.rb:73:in `call'
  actionpack (4.2.0) lib/action_dispatch/middleware/remote_ip.rb:78:in `call'
  better_errors (2.1.0) lib/better_errors/middleware.rb:84:in `protected_app_call'
  better_errors (2.1.0) lib/better_errors/middleware.rb:79:in `better_errors_call'
  better_errors (2.1.0) lib/better_errors/middleware.rb:57:in `call'
  actionpack (4.2.0) lib/action_dispatch/middleware/debug_exceptions.rb:17:in `call'
  actionpack (4.2.0) lib/action_dispatch/middleware/show_exceptions.rb:30:in `call'
  railties (4.2.0) lib/rails/rack/logger.rb:38:in `call_app'
  railties (4.2.0) lib/rails/rack/logger.rb:20:in `block in call'
  activesupport (4.2.0) lib/active_support/tagged_logging.rb:68:in `block in tagged'
  activesupport (4.2.0) lib/active_support/tagged_logging.rb:26:in `tagged'
  activesupport (4.2.0) lib/active_support/tagged_logging.rb:68:in `tagged'
  railties (4.2.0) lib/rails/rack/logger.rb:20:in `call'
  quiet_assets (1.1.0) lib/quiet_assets.rb:27:in `call_with_quiet_assets'
  actionpack (4.2.0) lib/action_dispatch/middleware/request_id.rb:21:in `call'
  rack (1.6.0) lib/rack/methodoverride.rb:22:in `call'
  rack (1.6.0) lib/rack/runtime.rb:18:in `call'
  activesupport (4.2.0) lib/active_support/cache/strategy/local_cache_middleware.rb:28:in `call'
  rack (1.6.0) lib/rack/lock.rb:17:in `call'
  actionpack (4.2.0) lib/action_dispatch/middleware/static.rb:113:in `call'
  rack (1.6.0) lib/rack/sendfile.rb:113:in `call'
  railties (4.2.0) lib/rails/engine.rb:518:in `call'
  railties (4.2.0) lib/rails/application.rb:164:in `call'
  rack (1.6.0) lib/rack/content_length.rb:15:in `call'
  unicorn (4.8.3) lib/unicorn/http_server.rb:576:in `process_client'
  unicorn (4.8.3) lib/unicorn/http_server.rb:670:in `worker_loop'
  unicorn (4.8.3) lib/unicorn/http_server.rb:525:in `spawn_missing_workers'
  unicorn (4.8.3) lib/unicorn/http_server.rb:140:in `start'
  unicorn-rails (2.2.0) lib/unicorn_rails.rb:33:in `run'
  rack (1.6.0) lib/rack/server.rb:286:in `start'
  railties (4.2.0) lib/rails/commands/server.rb:80:in `start'
  railties (4.2.0) lib/rails/commands/commands_tasks.rb:80:in `block in server'
  railties (4.2.0) lib/rails/commands/commands_tasks.rb:75:in `server'
  railties (4.2.0) lib/rails/commands/commands_tasks.rb:39:in `run_command!'
  railties (4.2.0) lib/rails/commands.rb:17:in `<top (required)>'
  bin/rails:8:in `<top (required)>'
  spring (1.2.0) lib/spring/client/rails.rb:27:in `call'
  spring (1.2.0) lib/spring/client/command.rb:7:in `call'
  spring (1.2.0) lib/spring/client.rb:26:in `run'
  spring (1.2.0) bin/spring:48:in `<top (required)>'
  spring (1.2.0) lib/spring/binstub.rb:11:in `<top (required)>'
  /home/codio/.rbenv/versions/2.1.5/lib/ruby/2.1.0/rubygems/core_ext/kernel_require.rb:55:in `require'
  bin/spring:16:in `<top (required)>'
  bin/rails:3:in `<main>'



Started POST "/__better_errors/9a75e395a9e789bd/variables" for 172.17.42.1 at 2015-01-07 04:10:02 +0000
DEPRECATION WARNING: Currently, Active Record suppresses errors raised within `after_rollback`/`after_commit` callbacks and only print them to the logs. In the next version, these errors will no longer be suppressed. Instead, the errors will propagate normally just like in other Active Record callbacks.

You can opt into the new behavior and remove this warning by setting:

  config.active_record.raise_in_transactional_callbacks = true

 (called from block in tsort_each at /home/codio/.rbenv/versions/2.1.5/lib/ruby/2.1.0/tsort.rb:226)
DEPRECATION WARNING: Currently, Active Record suppresses errors raised within `after_rollback`/`after_commit` callbacks and only print them to the logs. In the next version, these errors will no longer be suppressed. Instead, the errors will propagate normally just like in other Active Record callbacks.

You can opt into the new behavior and remove this warning by setting:

  config.active_record.raise_in_transactional_callbacks = true

 (called from block in tsort_each at /home/codio/.rbenv/versions/2.1.5/lib/ruby/2.1.0/tsort.rb:226)
DEPRECATION WARNING: Currently, Active Record suppresses errors raised within `after_rollback`/`after_commit` callbacks and only print them to the logs. In the next version, these errors will no longer be suppressed. Instead, the errors will propagate normally just like in other Active Record callbacks.

You can opt into the new behavior and remove this warning by setting:

  config.active_record.raise_in_transactional_callbacks = true

 (called from block in tsort_each at /home/codio/.rbenv/versions/2.1.5/lib/ruby/2.1.0/tsort.rb:226)
DEPRECATION WARNING: Currently, Active Record suppresses errors raised within `after_rollback`/`after_commit` callbacks and only print them to the logs. In the next version, these errors will no longer be suppressed. Instead, the errors will propagate normally just like in other Active Record callbacks.

You can opt into the new behavior and remove this warning by setting:

  config.active_record.raise_in_transactional_callbacks = true

 (called from block in tsort_each at /home/codio/.rbenv/versions/2.1.5/lib/ruby/2.1.0/tsort.rb:226)


Started GET "/" for 172.17.42.1 at 2015-01-07 04:14:21 +0000

PG::ConnectionBad (could not connect to server: No such file or directory
	Is the server running locally and accepting
	connections on Unix domain socket "/var/run/postgresql/.s.PGSQL.5432"?
):
  activerecord (4.2.0) lib/active_record/connection_adapters/postgresql_adapter.rb:651:in `initialize'
  activerecord (4.2.0) lib/active_record/connection_adapters/postgresql_adapter.rb:651:in `new'
  activerecord (4.2.0) lib/active_record/connection_adapters/postgresql_adapter.rb:651:in `connect'
  activerecord (4.2.0) lib/active_record/connection_adapters/postgresql_adapter.rb:242:in `initialize'
  activerecord (4.2.0) lib/active_record/connection_adapters/postgresql_adapter.rb:44:in `new'
  activerecord (4.2.0) lib/active_record/connection_adapters/postgresql_adapter.rb:44:in `postgresql_connection'
  activerecord (4.2.0) lib/active_record/connection_adapters/abstract/connection_pool.rb:436:in `new_connection'
  activerecord (4.2.0) lib/active_record/connection_adapters/abstract/connection_pool.rb:446:in `checkout_new_connection'
  activerecord (4.2.0) lib/active_record/connection_adapters/abstract/connection_pool.rb:422:in `acquire_connection'
  activerecord (4.2.0) lib/active_record/connection_adapters/abstract/connection_pool.rb:349:in `block in checkout'
  /home/codio/.rbenv/versions/2.1.5/lib/ruby/2.1.0/monitor.rb:211:in `mon_synchronize'
  activerecord (4.2.0) lib/active_record/connection_adapters/abstract/connection_pool.rb:348:in `checkout'
  activerecord (4.2.0) lib/active_record/connection_adapters/abstract/connection_pool.rb:263:in `block in connection'
  /home/codio/.rbenv/versions/2.1.5/lib/ruby/2.1.0/monitor.rb:211:in `mon_synchronize'
  activerecord (4.2.0) lib/active_record/connection_adapters/abstract/connection_pool.rb:262:in `connection'
  activerecord (4.2.0) lib/active_record/connection_adapters/abstract/connection_pool.rb:565:in `retrieve_connection'
  activerecord (4.2.0) lib/active_record/connection_handling.rb:113:in `retrieve_connection'
  activerecord (4.2.0) lib/active_record/connection_handling.rb:87:in `connection'
  activerecord (4.2.0) lib/active_record/migration.rb:384:in `connection'
  activerecord (4.2.0) lib/active_record/migration.rb:371:in `call'
  actionpack (4.2.0) lib/action_dispatch/middleware/callbacks.rb:29:in `block in call'
  activesupport (4.2.0) lib/active_support/callbacks.rb:88:in `call'
  activesupport (4.2.0) lib/active_support/callbacks.rb:88:in `_run_callbacks'
  activesupport (4.2.0) lib/active_support/callbacks.rb:734:in `_run_call_callbacks'
  activesupport (4.2.0) lib/active_support/callbacks.rb:81:in `run_callbacks'
  actionpack (4.2.0) lib/action_dispatch/middleware/callbacks.rb:27:in `call'
  actionpack (4.2.0) lib/action_dispatch/middleware/reloader.rb:73:in `call'
  actionpack (4.2.0) lib/action_dispatch/middleware/remote_ip.rb:78:in `call'
  better_errors (2.1.0) lib/better_errors/middleware.rb:59:in `call'
  actionpack (4.2.0) lib/action_dispatch/middleware/debug_exceptions.rb:17:in `call'
  actionpack (4.2.0) lib/action_dispatch/middleware/show_exceptions.rb:30:in `call'
  railties (4.2.0) lib/rails/rack/logger.rb:38:in `call_app'
  railties (4.2.0) lib/rails/rack/logger.rb:20:in `block in call'
  activesupport (4.2.0) lib/active_support/tagged_logging.rb:68:in `block in tagged'
  activesupport (4.2.0) lib/active_support/tagged_logging.rb:26:in `tagged'
  activesupport (4.2.0) lib/active_support/tagged_logging.rb:68:in `tagged'
  railties (4.2.0) lib/rails/rack/logger.rb:20:in `call'
  quiet_assets (1.1.0) lib/quiet_assets.rb:27:in `call_with_quiet_assets'
  actionpack (4.2.0) lib/action_dispatch/middleware/request_id.rb:21:in `call'
  rack (1.6.0) lib/rack/methodoverride.rb:22:in `call'
  rack (1.6.0) lib/rack/runtime.rb:18:in `call'
  activesupport (4.2.0) lib/active_support/cache/strategy/local_cache_middleware.rb:28:in `call'
  rack (1.6.0) lib/rack/lock.rb:17:in `call'
  actionpack (4.2.0) lib/action_dispatch/middleware/static.rb:113:in `call'
  rack (1.6.0) lib/rack/sendfile.rb:113:in `call'
  railties (4.2.0) lib/rails/engine.rb:518:in `call'
  railties (4.2.0) lib/rails/application.rb:164:in `call'
  rack (1.6.0) lib/rack/content_length.rb:15:in `call'
  unicorn (4.8.3) lib/unicorn/http_server.rb:576:in `process_client'
  unicorn (4.8.3) lib/unicorn/http_server.rb:670:in `worker_loop'
  unicorn (4.8.3) lib/unicorn/http_server.rb:525:in `spawn_missing_workers'
  unicorn (4.8.3) lib/unicorn/http_server.rb:140:in `start'
  unicorn-rails (2.2.0) lib/unicorn_rails.rb:33:in `run'
  rack (1.6.0) lib/rack/server.rb:286:in `start'
  railties (4.2.0) lib/rails/commands/server.rb:80:in `start'
  railties (4.2.0) lib/rails/commands/commands_tasks.rb:80:in `block in server'
  railties (4.2.0) lib/rails/commands/commands_tasks.rb:75:in `tap'
  railties (4.2.0) lib/rails/commands/commands_tasks.rb:75:in `server'
  railties (4.2.0) lib/rails/commands/commands_tasks.rb:39:in `run_command!'
  railties (4.2.0) lib/rails/commands.rb:17:in `<top (required)>'
  bin/rails:8:in `require'
  bin/rails:8:in `<top (required)>'
  spring (1.2.0) lib/spring/client/rails.rb:27:in `load'
  spring (1.2.0) lib/spring/client/rails.rb:27:in `call'
  spring (1.2.0) lib/spring/client/command.rb:7:in `call'
  spring (1.2.0) lib/spring/client.rb:26:in `run'
  spring (1.2.0) bin/spring:48:in `<top (required)>'
  spring (1.2.0) lib/spring/binstub.rb:11:in `load'
  spring (1.2.0) lib/spring/binstub.rb:11:in `<top (required)>'
  /home/codio/.rbenv/versions/2.1.5/lib/ruby/2.1.0/rubygems/core_ext/kernel_require.rb:55:in `require'
  /home/codio/.rbenv/versions/2.1.5/lib/ruby/2.1.0/rubygems/core_ext/kernel_require.rb:55:in `require'
  bin/spring:16:in `<top (required)>'
  bin/rails:3:in `load'
  bin/rails:3:in `<main>'


  Rendered /home/codio/.rbenv/versions/2.1.5/lib/ruby/gems/2.1.0/gems/actionpack-4.2.0/lib/action_dispatch/middleware/templates/rescues/_source.erb (15.0ms)
  Rendered /home/codio/.rbenv/versions/2.1.5/lib/ruby/gems/2.1.0/gems/actionpack-4.2.0/lib/action_dispatch/middleware/templates/rescues/_trace.html.erb (9.6ms)
  Rendered /home/codio/.rbenv/versions/2.1.5/lib/ruby/gems/2.1.0/gems/actionpack-4.2.0/lib/action_dispatch/middleware/templates/rescues/_request_and_response.html.erb (2.0ms)
  Rendered /home/codio/.rbenv/versions/2.1.5/lib/ruby/gems/2.1.0/gems/actionpack-4.2.0/lib/action_dispatch/middleware/templates/rescues/diagnostics.html.erb within rescues/layout (81.5ms)
DEPRECATION WARNING: Currently, Active Record suppresses errors raised within `after_rollback`/`after_commit` callbacks and only print them to the logs. In the next version, these errors will no longer be suppressed. Instead, the errors will propagate normally just like in other Active Record callbacks.

You can opt into the new behavior and remove this warning by setting:

  config.active_record.raise_in_transactional_callbacks = true

 (called from block in tsort_each at /home/codio/.rbenv/versions/2.1.5/lib/ruby/2.1.0/tsort.rb:226)
DEPRECATION WARNING: Currently, Active Record suppresses errors raised within `after_rollback`/`after_commit` callbacks and only print them to the logs. In the next version, these errors will no longer be suppressed. Instead, the errors will propagate normally just like in other Active Record callbacks.

You can opt into the new behavior and remove this warning by setting:

  config.active_record.raise_in_transactional_callbacks = true

 (called from block in tsort_each at /home/codio/.rbenv/versions/2.1.5/lib/ruby/2.1.0/tsort.rb:226)


Started GET "/" for 172.17.42.1 at 2015-01-07 04:15:24 +0000

ActiveRecord::NoDatabaseError (FATAL:  database "project_development" does not exist
):
  activerecord (4.2.0) lib/active_record/connection_adapters/postgresql_adapter.rb:661:in `rescue in connect'
  activerecord (4.2.0) lib/active_record/connection_adapters/postgresql_adapter.rb:651:in `connect'
  activerecord (4.2.0) lib/active_record/connection_adapters/postgresql_adapter.rb:242:in `initialize'
  activerecord (4.2.0) lib/active_record/connection_adapters/postgresql_adapter.rb:44:in `new'
  activerecord (4.2.0) lib/active_record/connection_adapters/postgresql_adapter.rb:44:in `postgresql_connection'
  activerecord (4.2.0) lib/active_record/connection_adapters/abstract/connection_pool.rb:436:in `new_connection'
  activerecord (4.2.0) lib/active_record/connection_adapters/abstract/connection_pool.rb:446:in `checkout_new_connection'
  activerecord (4.2.0) lib/active_record/connection_adapters/abstract/connection_pool.rb:422:in `acquire_connection'
  activerecord (4.2.0) lib/active_record/connection_adapters/abstract/connection_pool.rb:349:in `block in checkout'
  /home/codio/.rbenv/versions/2.1.5/lib/ruby/2.1.0/monitor.rb:211:in `mon_synchronize'
  activerecord (4.2.0) lib/active_record/connection_adapters/abstract/connection_pool.rb:348:in `checkout'
  activerecord (4.2.0) lib/active_record/connection_adapters/abstract/connection_pool.rb:263:in `block in connection'
  /home/codio/.rbenv/versions/2.1.5/lib/ruby/2.1.0/monitor.rb:211:in `mon_synchronize'
  activerecord (4.2.0) lib/active_record/connection_adapters/abstract/connection_pool.rb:262:in `connection'
  activerecord (4.2.0) lib/active_record/connection_adapters/abstract/connection_pool.rb:565:in `retrieve_connection'
  activerecord (4.2.0) lib/active_record/connection_handling.rb:113:in `retrieve_connection'
  activerecord (4.2.0) lib/active_record/connection_handling.rb:87:in `connection'
  activerecord (4.2.0) lib/active_record/migration.rb:384:in `connection'
  activerecord (4.2.0) lib/active_record/migration.rb:371:in `call'
  actionpack (4.2.0) lib/action_dispatch/middleware/callbacks.rb:29:in `block in call'
  activesupport (4.2.0) lib/active_support/callbacks.rb:88:in `call'
  activesupport (4.2.0) lib/active_support/callbacks.rb:88:in `_run_callbacks'
  activesupport (4.2.0) lib/active_support/callbacks.rb:734:in `_run_call_callbacks'
  activesupport (4.2.0) lib/active_support/callbacks.rb:81:in `run_callbacks'
  actionpack (4.2.0) lib/action_dispatch/middleware/callbacks.rb:27:in `call'
  actionpack (4.2.0) lib/action_dispatch/middleware/reloader.rb:73:in `call'
  actionpack (4.2.0) lib/action_dispatch/middleware/remote_ip.rb:78:in `call'
  better_errors (2.1.0) lib/better_errors/middleware.rb:59:in `call'
  actionpack (4.2.0) lib/action_dispatch/middleware/debug_exceptions.rb:17:in `call'
  actionpack (4.2.0) lib/action_dispatch/middleware/show_exceptions.rb:30:in `call'
  railties (4.2.0) lib/rails/rack/logger.rb:38:in `call_app'
  railties (4.2.0) lib/rails/rack/logger.rb:20:in `block in call'
  activesupport (4.2.0) lib/active_support/tagged_logging.rb:68:in `block in tagged'
  activesupport (4.2.0) lib/active_support/tagged_logging.rb:26:in `tagged'
  activesupport (4.2.0) lib/active_support/tagged_logging.rb:68:in `tagged'
  railties (4.2.0) lib/rails/rack/logger.rb:20:in `call'
  quiet_assets (1.1.0) lib/quiet_assets.rb:27:in `call_with_quiet_assets'
  actionpack (4.2.0) lib/action_dispatch/middleware/request_id.rb:21:in `call'
  rack (1.6.0) lib/rack/methodoverride.rb:22:in `call'
  rack (1.6.0) lib/rack/runtime.rb:18:in `call'
  activesupport (4.2.0) lib/active_support/cache/strategy/local_cache_middleware.rb:28:in `call'
  rack (1.6.0) lib/rack/lock.rb:17:in `call'
  actionpack (4.2.0) lib/action_dispatch/middleware/static.rb:113:in `call'
  rack (1.6.0) lib/rack/sendfile.rb:113:in `call'
  railties (4.2.0) lib/rails/engine.rb:518:in `call'
  railties (4.2.0) lib/rails/application.rb:164:in `call'
  rack (1.6.0) lib/rack/content_length.rb:15:in `call'
  unicorn (4.8.3) lib/unicorn/http_server.rb:576:in `process_client'
  unicorn (4.8.3) lib/unicorn/http_server.rb:670:in `worker_loop'
  unicorn (4.8.3) lib/unicorn/http_server.rb:525:in `spawn_missing_workers'
  unicorn (4.8.3) lib/unicorn/http_server.rb:140:in `start'
  unicorn-rails (2.2.0) lib/unicorn_rails.rb:33:in `run'
  rack (1.6.0) lib/rack/server.rb:286:in `start'
  railties (4.2.0) lib/rails/commands/server.rb:80:in `start'
  railties (4.2.0) lib/rails/commands/commands_tasks.rb:80:in `block in server'
  railties (4.2.0) lib/rails/commands/commands_tasks.rb:75:in `tap'
  railties (4.2.0) lib/rails/commands/commands_tasks.rb:75:in `server'
  railties (4.2.0) lib/rails/commands/commands_tasks.rb:39:in `run_command!'
  railties (4.2.0) lib/rails/commands.rb:17:in `<top (required)>'
  bin/rails:8:in `require'
  bin/rails:8:in `<top (required)>'
  spring (1.2.0) lib/spring/client/rails.rb:27:in `load'
  spring (1.2.0) lib/spring/client/rails.rb:27:in `call'
  spring (1.2.0) lib/spring/client/command.rb:7:in `call'
  spring (1.2.0) lib/spring/client.rb:26:in `run'
  spring (1.2.0) bin/spring:48:in `<top (required)>'
  spring (1.2.0) lib/spring/binstub.rb:11:in `load'
  spring (1.2.0) lib/spring/binstub.rb:11:in `<top (required)>'
  /home/codio/.rbenv/versions/2.1.5/lib/ruby/2.1.0/rubygems/core_ext/kernel_require.rb:55:in `require'
  /home/codio/.rbenv/versions/2.1.5/lib/ruby/2.1.0/rubygems/core_ext/kernel_require.rb:55:in `require'
  bin/spring:16:in `<top (required)>'
  bin/rails:3:in `load'
  bin/rails:3:in `<main>'


  Rendered /home/codio/.rbenv/versions/2.1.5/lib/ruby/gems/2.1.0/gems/actionpack-4.2.0/lib/action_dispatch/middleware/templates/rescues/_source.erb (9.7ms)
  Rendered /home/codio/.rbenv/versions/2.1.5/lib/ruby/gems/2.1.0/gems/actionpack-4.2.0/lib/action_dispatch/middleware/templates/rescues/_trace.html.erb (9.1ms)
  Rendered /home/codio/.rbenv/versions/2.1.5/lib/ruby/gems/2.1.0/gems/actionpack-4.2.0/lib/action_dispatch/middleware/templates/rescues/_request_and_response.html.erb (2.2ms)
  Rendered /home/codio/.rbenv/versions/2.1.5/lib/ruby/gems/2.1.0/gems/actionpack-4.2.0/lib/action_dispatch/middleware/templates/rescues/diagnostics.html.erb within rescues/layout (57.5ms)
DEPRECATION WARNING: Currently, Active Record suppresses errors raised within `after_rollback`/`after_commit` callbacks and only print them to the logs. In the next version, these errors will no longer be suppressed. Instead, the errors will propagate normally just like in other Active Record callbacks.

You can opt into the new behavior and remove this warning by setting:

  config.active_record.raise_in_transactional_callbacks = true

 (called from block in tsort_each at /home/codio/.rbenv/versions/2.1.5/lib/ruby/2.1.0/tsort.rb:226)
DEPRECATION WARNING: Currently, Active Record suppresses errors raised within `after_rollback`/`after_commit` callbacks and only print them to the logs. In the next version, these errors will no longer be suppressed. Instead, the errors will propagate normally just like in other Active Record callbacks.

You can opt into the new behavior and remove this warning by setting:

  config.active_record.raise_in_transactional_callbacks = true

 (called from block in tsort_each at /home/codio/.rbenv/versions/2.1.5/lib/ruby/2.1.0/tsort.rb:226)
DEPRECATION WARNING: Currently, Active Record suppresses errors raised within `after_rollback`/`after_commit` callbacks and only print them to the logs. In the next version, these errors will no longer be suppressed. Instead, the errors will propagate normally just like in other Active Record callbacks.

You can opt into the new behavior and remove this warning by setting:

  config.active_record.raise_in_transactional_callbacks = true

 (called from block in tsort_each at /home/codio/.rbenv/versions/2.1.5/lib/ruby/2.1.0/tsort.rb:226)
DEPRECATION WARNING: Currently, Active Record suppresses errors raised within `after_rollback`/`after_commit` callbacks and only print them to the logs. In the next version, these errors will no longer be suppressed. Instead, the errors will propagate normally just like in other Active Record callbacks.

You can opt into the new behavior and remove this warning by setting:

  config.active_record.raise_in_transactional_callbacks = true

 (called from block in tsort_each at /home/codio/.rbenv/versions/2.1.5/lib/ruby/2.1.0/tsort.rb:226)
DEPRECATION WARNING: Currently, Active Record suppresses errors raised within `after_rollback`/`after_commit` callbacks and only print them to the logs. In the next version, these errors will no longer be suppressed. Instead, the errors will propagate normally just like in other Active Record callbacks.

You can opt into the new behavior and remove this warning by setting:

  config.active_record.raise_in_transactional_callbacks = true

 (called from block in tsort_each at /home/codio/.rbenv/versions/2.1.5/lib/ruby/2.1.0/tsort.rb:226)
DEPRECATION WARNING: Currently, Active Record suppresses errors raised within `after_rollback`/`after_commit` callbacks and only print them to the logs. In the next version, these errors will no longer be suppressed. Instead, the errors will propagate normally just like in other Active Record callbacks.

You can opt into the new behavior and remove this warning by setting:

  config.active_record.raise_in_transactional_callbacks = true

 (called from block in tsort_each at /home/codio/.rbenv/versions/2.1.5/lib/ruby/2.1.0/tsort.rb:226)
DEPRECATION WARNING: Currently, Active Record suppresses errors raised within `after_rollback`/`after_commit` callbacks and only print them to the logs. In the next version, these errors will no longer be suppressed. Instead, the errors will propagate normally just like in other Active Record callbacks.

You can opt into the new behavior and remove this warning by setting:

  config.active_record.raise_in_transactional_callbacks = true

 (called from block in tsort_each at /home/codio/.rbenv/versions/2.1.5/lib/ruby/2.1.0/tsort.rb:226)
DEPRECATION WARNING: Currently, Active Record suppresses errors raised within `after_rollback`/`after_commit` callbacks and only print them to the logs. In the next version, these errors will no longer be suppressed. Instead, the errors will propagate normally just like in other Active Record callbacks.

You can opt into the new behavior and remove this warning by setting:

  config.active_record.raise_in_transactional_callbacks = true

 (called from block in tsort_each at /home/codio/.rbenv/versions/2.1.5/lib/ruby/2.1.0/tsort.rb:226)
DEPRECATION WARNING: Currently, Active Record suppresses errors raised within `after_rollback`/`after_commit` callbacks and only print them to the logs. In the next version, these errors will no longer be suppressed. Instead, the errors will propagate normally just like in other Active Record callbacks.

You can opt into the new behavior and remove this warning by setting:

  config.active_record.raise_in_transactional_callbacks = true

 (called from block in tsort_each at /home/codio/.rbenv/versions/2.1.5/lib/ruby/2.1.0/tsort.rb:226)
DEPRECATION WARNING: Currently, Active Record suppresses errors raised within `after_rollback`/`after_commit` callbacks and only print them to the logs. In the next version, these errors will no longer be suppressed. Instead, the errors will propagate normally just like in other Active Record callbacks.

You can opt into the new behavior and remove this warning by setting:

  config.active_record.raise_in_transactional_callbacks = true

 (called from block in tsort_each at /home/codio/.rbenv/versions/2.1.5/lib/ruby/2.1.0/tsort.rb:226)
DEPRECATION WARNING: Currently, Active Record suppresses errors raised within `after_rollback`/`after_commit` callbacks and only print them to the logs. In the next version, these errors will no longer be suppressed. Instead, the errors will propagate normally just like in other Active Record callbacks.

You can opt into the new behavior and remove this warning by setting:

  config.active_record.raise_in_transactional_callbacks = true

 (called from block in tsort_each at /home/codio/.rbenv/versions/2.1.5/lib/ruby/2.1.0/tsort.rb:226)
DEPRECATION WARNING: Currently, Active Record suppresses errors raised within `after_rollback`/`after_commit` callbacks and only print them to the logs. In the next version, these errors will no longer be suppressed. Instead, the errors will propagate normally just like in other Active Record callbacks.

You can opt into the new behavior and remove this warning by setting:

  config.active_record.raise_in_transactional_callbacks = true

 (called from block in tsort_each at /home/codio/.rbenv/versions/2.1.5/lib/ruby/2.1.0/tsort.rb:226)
DEPRECATION WARNING: Currently, Active Record suppresses errors raised within `after_rollback`/`after_commit` callbacks and only print them to the logs. In the next version, these errors will no longer be suppressed. Instead, the errors will propagate normally just like in other Active Record callbacks.

You can opt into the new behavior and remove this warning by setting:

  config.active_record.raise_in_transactional_callbacks = true

 (called from block in tsort_each at /home/codio/.rbenv/versions/2.1.5/lib/ruby/2.1.0/tsort.rb:226)
DEPRECATION WARNING: Currently, Active Record suppresses errors raised within `after_rollback`/`after_commit` callbacks and only print them to the logs. In the next version, these errors will no longer be suppressed. Instead, the errors will propagate normally just like in other Active Record callbacks.

You can opt into the new behavior and remove this warning by setting:

  config.active_record.raise_in_transactional_callbacks = true

 (called from block in tsort_each at /home/codio/.rbenv/versions/2.1.5/lib/ruby/2.1.0/tsort.rb:226)
  [1m[36m (18.5ms)[0m  [1mCREATE TABLE "schema_migrations" ("version" character varying NOT NULL) [0m
  [1m[35m (5.1ms)[0m  CREATE UNIQUE INDEX  "unique_schema_migrations" ON "schema_migrations"  ("version")
  [1m[36mActiveRecord::SchemaMigration Load (0.4ms)[0m  [1mSELECT "schema_migrations".* FROM "schema_migrations"[0m
DEPRECATION WARNING: Currently, Active Record suppresses errors raised within `after_rollback`/`after_commit` callbacks and only print them to the logs. In the next version, these errors will no longer be suppressed. Instead, the errors will propagate normally just like in other Active Record callbacks.

You can opt into the new behavior and remove this warning by setting:

  config.active_record.raise_in_transactional_callbacks = true

 (called from block in tsort_each at /home/codio/.rbenv/versions/2.1.5/lib/ruby/2.1.0/tsort.rb:226)
DEPRECATION WARNING: Currently, Active Record suppresses errors raised within `after_rollback`/`after_commit` callbacks and only print them to the logs. In the next version, these errors will no longer be suppressed. Instead, the errors will propagate normally just like in other Active Record callbacks.

You can opt into the new behavior and remove this warning by setting:

  config.active_record.raise_in_transactional_callbacks = true

 (called from block in tsort_each at /home/codio/.rbenv/versions/2.1.5/lib/ruby/2.1.0/tsort.rb:226)


Started GET "/" for 172.17.42.1 at 2015-01-07 04:25:22 +0000
Processing by Rails::WelcomeController#index as HTML
  Rendered /home/codio/.rbenv/versions/2.1.5/lib/ruby/gems/2.1.0/gems/railties-4.2.0/lib/rails/templates/rails/welcome/index.html.erb (8.4ms)
Completed 200 OK in 70ms (Views: 29.1ms | ActiveRecord: 0.0ms)


Started GET "/show" for 172.17.42.1 at 2015-01-07 04:25:27 +0000

ActionController::RoutingError (No route matches [GET] "/show"):
  actionpack (4.2.0) lib/action_dispatch/middleware/debug_exceptions.rb:21:in `call'
  actionpack (4.2.0) lib/action_dispatch/middleware/show_exceptions.rb:30:in `call'
  railties (4.2.0) lib/rails/rack/logger.rb:38:in `call_app'
  railties (4.2.0) lib/rails/rack/logger.rb:20:in `block in call'
  activesupport (4.2.0) lib/active_support/tagged_logging.rb:68:in `block in tagged'
  activesupport (4.2.0) lib/active_support/tagged_logging.rb:26:in `tagged'
  activesupport (4.2.0) lib/active_support/tagged_logging.rb:68:in `tagged'
  railties (4.2.0) lib/rails/rack/logger.rb:20:in `call'
  quiet_assets (1.1.0) lib/quiet_assets.rb:27:in `call_with_quiet_assets'
  actionpack (4.2.0) lib/action_dispatch/middleware/request_id.rb:21:in `call'
  rack (1.6.0) lib/rack/methodoverride.rb:22:in `call'
  rack (1.6.0) lib/rack/runtime.rb:18:in `call'
  activesupport (4.2.0) lib/active_support/cache/strategy/local_cache_middleware.rb:28:in `call'
  rack (1.6.0) lib/rack/lock.rb:17:in `call'
  actionpack (4.2.0) lib/action_dispatch/middleware/static.rb:113:in `call'
  rack (1.6.0) lib/rack/sendfile.rb:113:in `call'
  railties (4.2.0) lib/rails/engine.rb:518:in `call'
  railties (4.2.0) lib/rails/application.rb:164:in `call'
  rack (1.6.0) lib/rack/content_length.rb:15:in `call'
  unicorn (4.8.3) lib/unicorn/http_server.rb:576:in `process_client'
  unicorn (4.8.3) lib/unicorn/http_server.rb:670:in `worker_loop'
  unicorn (4.8.3) lib/unicorn/http_server.rb:525:in `spawn_missing_workers'
  unicorn (4.8.3) lib/unicorn/http_server.rb:140:in `start'
  unicorn-rails (2.2.0) lib/unicorn_rails.rb:33:in `run'
  rack (1.6.0) lib/rack/server.rb:286:in `start'
  railties (4.2.0) lib/rails/commands/server.rb:80:in `start'
  railties (4.2.0) lib/rails/commands/commands_tasks.rb:80:in `block in server'
  railties (4.2.0) lib/rails/commands/commands_tasks.rb:75:in `tap'
  railties (4.2.0) lib/rails/commands/commands_tasks.rb:75:in `server'
  railties (4.2.0) lib/rails/commands/commands_tasks.rb:39:in `run_command!'
  railties (4.2.0) lib/rails/commands.rb:17:in `<top (required)>'
  bin/rails:8:in `require'
  bin/rails:8:in `<top (required)>'
  spring (1.2.0) lib/spring/client/rails.rb:27:in `load'
  spring (1.2.0) lib/spring/client/rails.rb:27:in `call'
  spring (1.2.0) lib/spring/client/command.rb:7:in `call'
  spring (1.2.0) lib/spring/client.rb:26:in `run'
  spring (1.2.0) bin/spring:48:in `<top (required)>'
  spring (1.2.0) lib/spring/binstub.rb:11:in `load'
  spring (1.2.0) lib/spring/binstub.rb:11:in `<top (required)>'
  /home/codio/.rbenv/versions/2.1.5/lib/ruby/2.1.0/rubygems/core_ext/kernel_require.rb:55:in `require'
  /home/codio/.rbenv/versions/2.1.5/lib/ruby/2.1.0/rubygems/core_ext/kernel_require.rb:55:in `require'
  bin/spring:16:in `<top (required)>'
  bin/rails:3:in `load'
  bin/rails:3:in `<main>'


  Rendered /home/codio/.rbenv/versions/2.1.5/lib/ruby/gems/2.1.0/gems/actionpack-4.2.0/lib/action_dispatch/middleware/templates/rescues/_trace.html.erb (4.5ms)
  Rendered /home/codio/.rbenv/versions/2.1.5/lib/ruby/gems/2.1.0/gems/actionpack-4.2.0/lib/action_dispatch/middleware/templates/routes/_table.html.erb (41.7ms)
  Rendered /home/codio/.rbenv/versions/2.1.5/lib/ruby/gems/2.1.0/gems/actionpack-4.2.0/lib/action_dispatch/middleware/templates/rescues/_request_and_response.html.erb (2.2ms)
  Rendered /home/codio/.rbenv/versions/2.1.5/lib/ruby/gems/2.1.0/gems/actionpack-4.2.0/lib/action_dispatch/middleware/templates/rescues/routing_error.html.erb within rescues/layout (149.8ms)
